# JRE version: OpenJDK Runtime Environment Temurin-21.0.7+6 (21.0.7+6) (build 21.0.7+6-LTS)
# Java VM: OpenJDK 64-Bit Server VM Temurin-21.0.7+6 (21.0.7+6-LTS, mixed mode, sharing, tiered, compressed oops, compressed class ptrs, parallel gc, windows-amd64)
GC Precious Log:
 CardTable entry size: 512
 CPUs: 16 total, 16 available
 Memory: 15997M
 Large Page Support: Disabled
 NUMA Support: Disabled
 Compressed Oops: Enabled (32-bit)
 Alignments: Space 512K, Generation 512K, Heap 2M
 Heap Min Capacity: 100M
 Heap Initial Capacity: 100M
 Heap Max Capacity: 2G
 Pre-touch: Disabled
 Parallel Workers: 13
Heap:
 PSYoungGen      total 4096K, used 1092K [0x00000000d5580000, 0x00000000d5d80000, 0x0000000100000000)
  eden space 3072K, 2% used [0x00000000d5580000,0x00000000d5594c68,0x00000000d5880000)
  from space 1024K, 98% used [0x00000000d5880000,0x00000000d597c708,0x00000000d5980000)
  to   space 2048K, 0% used [0x00000000d5b80000,0x00000000d5b80000,0x00000000d5d80000)
 ParOldGen       total 261120K, used 260794K [0x0000000080000000, 0x000000008ff00000, 0x00000000d5580000)
  object space 261120K, 99% used [0x0000000080000000,0x000000008feae8e0,0x000000008ff00000)
 Metaspace       used 46083K, committed 47296K, reserved 1114112K
  class space    used 4834K, committed 5376K, reserved 1048576K
GC Heap History (20 events):
Event: 6.490 GC heap after
{Heap after GC invocations=140 (full 2):
 PSYoungGen      total 4096K, used 932K [0x00000000d5580000, 0x00000000d5b00000, 0x0000000100000000)
  eden space 3072K, 0% used [0x00000000d5580000,0x00000000d5580000,0x00000000d5880000)
  from space 1024K, 91% used [0x00000000d5a00000,0x00000000d5ae91d8,0x00000000d5b00000)
  to   space 1024K, 0% used [0x00000000d5880000,0x00000000d5880000,0x00000000d5980000)
 ParOldGen       total 252928K, used 252539K [0x0000000080000000, 0x000000008f700000, 0x00000000d5580000)
  object space 252928K, 99% used [0x0000000080000000,0x000000008f69ec48,0x000000008f700000)
 Metaspace       used 45898K, committed 47104K, reserved 1114112K
  class space    used 4810K, committed 5376K, reserved 1048576K
}
Event: 6.510 GC heap before
{Heap before GC invocations=141 (full 2):
 PSYoungGen      total 4096K, used 4004K [0x00000000d5580000, 0x00000000d5b00000, 0x0000000100000000)
  eden space 3072K, 100% used [0x00000000d5580000,0x00000000d5880000,0x00000000d5880000)
  from space 1024K, 91% used [0x00000000d5a00000,0x00000000d5ae91d8,0x00000000d5b00000)
  to   space 1024K, 0% used [0x00000000d5880000,0x00000000d5880000,0x00000000d5980000)
 ParOldGen       total 252928K, used 252539K [0x0000000080000000, 0x000000008f700000, 0x00000000d5580000)
  object space 252928K, 99% used [0x0000000080000000,0x000000008f69ec48,0x000000008f700000)
 Metaspace       used 45912K, committed 47104K, reserved 1114112K
  class space    used 4812K, committed 5376K, reserved 1048576K
}
Event: 6.512 GC heap after
{Heap after GC invocations=141 (full 2):
 PSYoungGen      total 4096K, used 928K [0x00000000d5580000, 0x00000000d5a80000, 0x0000000100000000)
  eden space 3072K, 0% used [0x00000000d5580000,0x00000000d5580000,0x00000000d5880000)
  from space 1024K, 90% used [0x00000000d5880000,0x00000000d5968000,0x00000000d5980000)
  to   space 1024K, 0% used [0x00000000d5980000,0x00000000d5980000,0x00000000d5a80000)
 ParOldGen       total 253440K, used 253246K [0x0000000080000000, 0x000000008f780000, 0x00000000d5580000)
  object space 253440K, 99% used [0x0000000080000000,0x000000008f74f838,0x000000008f780000)
 Metaspace       used 45912K, committed 47104K, reserved 1114112K
  class space    used 4812K, committed 5376K, reserved 1048576K
}
Event: 6.527 GC heap before
{Heap before GC invocations=142 (full 2):
 PSYoungGen      total 4096K, used 4000K [0x00000000d5580000, 0x00000000d5a80000, 0x0000000100000000)
  eden space 3072K, 100% used [0x00000000d5580000,0x00000000d5880000,0x00000000d5880000)
  from space 1024K, 90% used [0x00000000d5880000,0x00000000d5968000,0x00000000d5980000)
  to   space 1024K, 0% used [0x00000000d5980000,0x00000000d5980000,0x00000000d5a80000)
 ParOldGen       total 253440K, used 253246K [0x0000000080000000, 0x000000008f780000, 0x00000000d5580000)
  object space 253440K, 99% used [0x0000000080000000,0x000000008f74f838,0x000000008f780000)
 Metaspace       used 45969K, committed 47168K, reserved 1114112K
  class space    used 4815K, committed 5376K, reserved 1048576K
}
Event: 6.528 GC heap after
{Heap after GC invocations=142 (full 2):
 PSYoungGen      total 4096K, used 908K [0x00000000d5580000, 0x00000000d5a80000, 0x0000000100000000)
  eden space 3072K, 0% used [0x00000000d5580000,0x00000000d5580000,0x00000000d5880000)
  from space 1024K, 88% used [0x00000000d5980000,0x00000000d5a63270,0x00000000d5a80000)
  to   space 1024K, 0% used [0x00000000d5880000,0x00000000d5880000,0x00000000d5980000)
 ParOldGen       total 254464K, used 253952K [0x0000000080000000, 0x000000008f880000, 0x00000000d5580000)
  object space 254464K, 99% used [0x0000000080000000,0x000000008f800128,0x000000008f880000)
 Metaspace       used 45969K, committed 47168K, reserved 1114112K
  class space    used 4815K, committed 5376K, reserved 1048576K
}
Event: 6.534 GC heap before
{Heap before GC invocations=143 (full 2):
 PSYoungGen      total 4096K, used 3980K [0x00000000d5580000, 0x00000000d5a80000, 0x0000000100000000)
  eden space 3072K, 100% used [0x00000000d5580000,0x00000000d5880000,0x00000000d5880000)
  from space 1024K, 88% used [0x00000000d5980000,0x00000000d5a63270,0x00000000d5a80000)
  to   space 1024K, 0% used [0x00000000d5880000,0x00000000d5880000,0x00000000d5980000)
 ParOldGen       total 254464K, used 253952K [0x0000000080000000, 0x000000008f880000, 0x00000000d5580000)
  object space 254464K, 99% used [0x0000000080000000,0x000000008f800128,0x000000008f880000)
 Metaspace       used 45994K, committed 47232K, reserved 1114112K
  class space    used 4818K, committed 5376K, reserved 1048576K
}
Event: 6.535 GC heap after
{Heap after GC invocations=143 (full 2):
 PSYoungGen      total 4096K, used 878K [0x00000000d5580000, 0x00000000d5a80000, 0x0000000100000000)
  eden space 3072K, 0% used [0x00000000d5580000,0x00000000d5580000,0x00000000d5880000)
  from space 1024K, 85% used [0x00000000d5880000,0x00000000d595b8f8,0x00000000d5980000)
  to   space 1024K, 0% used [0x00000000d5980000,0x00000000d5980000,0x00000000d5a80000)
 ParOldGen       total 254976K, used 254649K [0x0000000080000000, 0x000000008f900000, 0x00000000d5580000)
  object space 254976K, 99% used [0x0000000080000000,0x000000008f8ae7a0,0x000000008f900000)
 Metaspace       used 45994K, committed 47232K, reserved 1114112K
  class space    used 4818K, committed 5376K, reserved 1048576K
}
Event: 6.542 GC heap before
{Heap before GC invocations=144 (full 2):
 PSYoungGen      total 4096K, used 3950K [0x00000000d5580000, 0x00000000d5a80000, 0x0000000100000000)
  eden space 3072K, 100% used [0x00000000d5580000,0x00000000d5880000,0x00000000d5880000)
  from space 1024K, 85% used [0x00000000d5880000,0x00000000d595b8f8,0x00000000d5980000)
  to   space 1024K, 0% used [0x00000000d5980000,0x00000000d5980000,0x00000000d5a80000)
 ParOldGen       total 254976K, used 254649K [0x0000000080000000, 0x000000008f900000, 0x00000000d5580000)
  object space 254976K, 99% used [0x0000000080000000,0x000000008f8ae7a0,0x000000008f900000)
 Metaspace       used 46013K, committed 47232K, reserved 1114112K
  class space    used 4821K, committed 5376K, reserved 1048576K
}
Event: 6.543 GC heap after
{Heap after GC invocations=144 (full 2):
 PSYoungGen      total 3584K, used 1015K [0x00000000d5580000, 0x00000000d5b80000, 0x0000000100000000)
  eden space 2560K, 0% used [0x00000000d5580000,0x00000000d5580000,0x00000000d5800000)
  from space 1024K, 99% used [0x00000000d5980000,0x00000000d5a7df90,0x00000000d5a80000)
  to   space 1536K, 0% used [0x00000000d5800000,0x00000000d5800000,0x00000000d5980000)
 ParOldGen       total 255488K, used 255385K [0x0000000080000000, 0x000000008f980000, 0x00000000d5580000)
  object space 255488K, 99% used [0x0000000080000000,0x000000008f9664a0,0x000000008f980000)
 Metaspace       used 46013K, committed 47232K, reserved 1114112K
  class space    used 4821K, committed 5376K, reserved 1048576K
}
Event: 6.548 GC heap before
{Heap before GC invocations=145 (full 2):
 PSYoungGen      total 3584K, used 3575K [0x00000000d5580000, 0x00000000d5b80000, 0x0000000100000000)
  eden space 2560K, 100% used [0x00000000d5580000,0x00000000d5800000,0x00000000d5800000)
  from space 1024K, 99% used [0x00000000d5980000,0x00000000d5a7df90,0x00000000d5a80000)
  to   space 1536K, 0% used [0x00000000d5800000,0x00000000d5800000,0x00000000d5980000)
 ParOldGen       total 255488K, used 255385K [0x0000000080000000, 0x000000008f980000, 0x00000000d5580000)
  object space 255488K, 99% used [0x0000000080000000,0x000000008f9664a0,0x000000008f980000)
 Metaspace       used 46021K, committed 47232K, reserved 1114112K
  class space    used 4823K, committed 5376K, reserved 1048576K
}
Event: 6.549 GC heap after
{Heap after GC invocations=145 (full 2):
 PSYoungGen      total 3584K, used 666K [0x00000000d5580000, 0x00000000d5a00000, 0x0000000100000000)
  eden space 2560K, 0% used [0x00000000d5580000,0x00000000d5580000,0x00000000d5800000)
  from space 1024K, 65% used [0x00000000d5800000,0x00000000d58a6ae0,0x00000000d5900000)
  to   space 1024K, 0% used [0x00000000d5900000,0x00000000d5900000,0x00000000d5a00000)
 ParOldGen       total 256512K, used 256157K [0x0000000080000000, 0x000000008fa80000, 0x00000000d5580000)
  object space 256512K, 99% used [0x0000000080000000,0x000000008fa274a8,0x000000008fa80000)
 Metaspace       used 46021K, committed 47232K, reserved 1114112K
  class space    used 4823K, committed 5376K, reserved 1048576K
}
Event: 6.553 GC heap before
{Heap before GC invocations=146 (full 2):
 PSYoungGen      total 3584K, used 3226K [0x00000000d5580000, 0x00000000d5a00000, 0x0000000100000000)
  eden space 2560K, 100% used [0x00000000d5580000,0x00000000d5800000,0x00000000d5800000)
  from space 1024K, 65% used [0x00000000d5800000,0x00000000d58a6ae0,0x00000000d5900000)
  to   space 1024K, 0% used [0x00000000d5900000,0x00000000d5900000,0x00000000d5a00000)
 ParOldGen       total 256512K, used 256157K [0x0000000080000000, 0x000000008fa80000, 0x00000000d5580000)
  object space 256512K, 99% used [0x0000000080000000,0x000000008fa274a8,0x000000008fa80000)
 Metaspace       used 46026K, committed 47232K, reserved 1114112K
  class space    used 4824K, committed 5376K, reserved 1048576K
}
Event: 6.554 GC heap after
{Heap after GC invocations=146 (full 2):
 PSYoungGen      total 3584K, used 842K [0x00000000d5580000, 0x00000000d5a00000, 0x0000000100000000)
  eden space 2560K, 0% used [0x00000000d5580000,0x00000000d5580000,0x00000000d5800000)
  from space 1024K, 82% used [0x00000000d5900000,0x00000000d59d2960,0x00000000d5a00000)
  to   space 1024K, 0% used [0x00000000d5800000,0x00000000d5800000,0x00000000d5900000)
 ParOldGen       total 257024K, used 256718K [0x0000000080000000, 0x000000008fb00000, 0x00000000d5580000)
  object space 257024K, 99% used [0x0000000080000000,0x000000008fab3910,0x000000008fb00000)
 Metaspace       used 46026K, committed 47232K, reserved 1114112K
  class space    used 4824K, committed 5376K, reserved 1048576K
}
Event: 6.558 GC heap before
{Heap before GC invocations=147 (full 2):
 PSYoungGen      total 3584K, used 3402K [0x00000000d5580000, 0x00000000d5a00000, 0x0000000100000000)
  eden space 2560K, 100% used [0x00000000d5580000,0x00000000d5800000,0x00000000d5800000)
  from space 1024K, 82% used [0x00000000d5900000,0x00000000d59d2960,0x00000000d5a00000)
  to   space 1024K, 0% used [0x00000000d5800000,0x00000000d5800000,0x00000000d5900000)
 ParOldGen       total 257024K, used 256718K [0x0000000080000000, 0x000000008fb00000, 0x00000000d5580000)
  object space 257024K, 99% used [0x0000000080000000,0x000000008fab3910,0x000000008fb00000)
 Metaspace       used 46034K, committed 47232K, reserved 1114112K
  class space    used 4826K, committed 5376K, reserved 1048576K
}
Event: 6.559 GC heap after
{Heap after GC invocations=147 (full 2):
 PSYoungGen      total 3584K, used 710K [0x00000000d5580000, 0x00000000d5a00000, 0x0000000100000000)
  eden space 2560K, 0% used [0x00000000d5580000,0x00000000d5580000,0x00000000d5800000)
  from space 1024K, 69% used [0x00000000d5800000,0x00000000d58b1bc8,0x00000000d5900000)
  to   space 1024K, 0% used [0x00000000d5900000,0x00000000d5900000,0x00000000d5a00000)
 ParOldGen       total 257536K, used 257325K [0x0000000080000000, 0x000000008fb80000, 0x00000000d5580000)
  object space 257536K, 99% used [0x0000000080000000,0x000000008fb4b748,0x000000008fb80000)
 Metaspace       used 46034K, committed 47232K, reserved 1114112K
  class space    used 4826K, committed 5376K, reserved 1048576K
}
Event: 6.563 GC heap before
{Heap before GC invocations=148 (full 2):
 PSYoungGen      total 3584K, used 3270K [0x00000000d5580000, 0x00000000d5a00000, 0x0000000100000000)
  eden space 2560K, 99% used [0x00000000d5580000,0x00000000d57ffff8,0x00000000d5800000)
  from space 1024K, 69% used [0x00000000d5800000,0x00000000d58b1bc8,0x00000000d5900000)
  to   space 1024K, 0% used [0x00000000d5900000,0x00000000d5900000,0x00000000d5a00000)
 ParOldGen       total 257536K, used 257325K [0x0000000080000000, 0x000000008fb80000, 0x00000000d5580000)
  object space 257536K, 99% used [0x0000000080000000,0x000000008fb4b748,0x000000008fb80000)
 Metaspace       used 46041K, committed 47232K, reserved 1114112K
  class space    used 4828K, committed 5376K, reserved 1048576K
}
Event: 6.564 GC heap after
{Heap after GC invocations=148 (full 2):
 PSYoungGen      total 3584K, used 718K [0x00000000d5580000, 0x00000000d5a00000, 0x0000000100000000)
  eden space 2560K, 0% used [0x00000000d5580000,0x00000000d5580000,0x00000000d5800000)
  from space 1024K, 70% used [0x00000000d5900000,0x00000000d59b3b68,0x00000000d5a00000)
  to   space 1024K, 0% used [0x00000000d5800000,0x00000000d5800000,0x00000000d5900000)
 ParOldGen       total 258048K, used 257892K [0x0000000080000000, 0x000000008fc00000, 0x00000000d5580000)
  object space 258048K, 99% used [0x0000000080000000,0x000000008fbd9228,0x000000008fc00000)
 Metaspace       used 46041K, committed 47232K, reserved 1114112K
  class space    used 4828K, committed 5376K, reserved 1048576K
}
Event: 6.568 GC heap before
{Heap before GC invocations=149 (full 2):
 PSYoungGen      total 3584K, used 3278K [0x00000000d5580000, 0x00000000d5a00000, 0x0000000100000000)
  eden space 2560K, 100% used [0x00000000d5580000,0x00000000d5800000,0x00000000d5800000)
  from space 1024K, 70% used [0x00000000d5900000,0x00000000d59b3b68,0x00000000d5a00000)
  to   space 1024K, 0% used [0x00000000d5800000,0x00000000d5800000,0x00000000d5900000)
 ParOldGen       total 258048K, used 257892K [0x0000000080000000, 0x000000008fc00000, 0x00000000d5580000)
  object space 258048K, 99% used [0x0000000080000000,0x000000008fbd9228,0x000000008fc00000)
 Metaspace       used 46054K, committed 47232K, reserved 1114112K
  class space    used 4830K, committed 5376K, reserved 1048576K
}
Event: 6.569 GC heap after
{Heap after GC invocations=149 (full 2):
 PSYoungGen      total 3584K, used 759K [0x00000000d5580000, 0x00000000d5a00000, 0x0000000100000000)
  eden space 2560K, 0% used [0x00000000d5580000,0x00000000d5580000,0x00000000d5800000)
  from space 1024K, 74% used [0x00000000d5800000,0x00000000d58bdd90,0x00000000d5900000)
  to   space 1024K, 0% used [0x00000000d5900000,0x00000000d5900000,0x00000000d5a00000)
 ParOldGen       total 258560K, used 258440K [0x0000000080000000, 0x000000008fc80000, 0x00000000d5580000)
  object space 258560K, 99% used [0x0000000080000000,0x000000008fc623f0,0x000000008fc80000)
 Metaspace       used 46054K, committed 47232K, reserved 1114112K
  class space    used 4830K, committed 5376K, reserved 1048576K
}
Event: 6.573 GC heap before
{Heap before GC invocations=150 (full 2):
 PSYoungGen      total 3584K, used 3319K [0x00000000d5580000, 0x00000000d5a00000, 0x0000000100000000)
  eden space 2560K, 100% used [0x00000000d5580000,0x00000000d5800000,0x00000000d5800000)
  from space 1024K, 74% used [0x00000000d5800000,0x00000000d58bdd90,0x00000000d5900000)
  to   space 1024K, 0% used [0x00000000d5900000,0x00000000d5900000,0x00000000d5a00000)
 ParOldGen       total 258560K, used 258440K [0x0000000080000000, 0x000000008fc80000, 0x00000000d5580000)
  object space 258560K, 99% used [0x0000000080000000,0x000000008fc623f0,0x000000008fc80000)
 Metaspace       used 46065K, committed 47232K, reserved 1114112K
  class space    used 4832K, committed 5376K, reserved 1048576K
}

